09:33:56.135 [main] INFO  testCasses.TC001_AccountRegistrationTest -****Clicked on MyAccount****
09:33:56.563 [main] INFO  testCasses.TC001_AccountRegistrationTest -*****Clicked on Register*****
09:33:56.567 [main] INFO  testCasses.TC001_AccountRegistrationTest -****providing customer details*****
09:33:58.327 [main] INFO  testCasses.TC001_AccountRegistrationTest -****Validating expected masseage*****
09:33:58.367 [main] ERROR testCasses.TC001_AccountRegistrationTest -Test Failed..
09:33:58.367 [main] DEBUG testCasses.TC001_AccountRegistrationTest -Debug logs...
09:33:58.370 [main] INFO  testCasses.TC001_AccountRegistrationTest -*****Finishing TC001_AccountRegistrationTest*****
09:34:00.816 [main] INFO  testCasses.TC002_LoginTest -****Starting TC002_LoginTest****
09:35:24.836 [main] DEBUG org.testng.TestNG -suiteXmlPath: "C:\Users\shaik\eclipse-workspace\openCart\master.xml"
09:35:25.093 [main] INFO  org.testng.internal.Utils -[TestNG] Running:
  C:\Users\shaik\eclipse-workspace\openCart\master.xml

09:35:27.466 [main] INFO  testCasses.TC001_AccountRegistrationTest -****Starting TC001_AccountRegistrationTest*****
09:35:27.687 [main] INFO  testCasses.TC001_AccountRegistrationTest -****Clicked on MyAccount****
09:35:28.111 [main] INFO  testCasses.TC001_AccountRegistrationTest -*****Clicked on Register*****
09:35:28.113 [main] INFO  testCasses.TC001_AccountRegistrationTest -****providing customer details*****
09:35:29.511 [main] INFO  testCasses.TC001_AccountRegistrationTest -****Validating expected masseage*****
09:35:29.549 [main] ERROR testCasses.TC001_AccountRegistrationTest -Test Failed..
09:35:29.549 [main] DEBUG testCasses.TC001_AccountRegistrationTest -Debug logs...
09:35:29.550 [main] INFO  testCasses.TC001_AccountRegistrationTest -*****Finishing TC001_AccountRegistrationTest*****
09:35:31.692 [main] INFO  testCasses.TC002_LoginTest -****Starting TC002_LoginTest****
09:13:28.498 [main] DEBUG org.testng.TestNG -suiteXmlPath: "C:\Users\shaik\eclipse-workspace\openCart\master.xml"
09:13:28.835 [main] INFO  org.testng.internal.Utils -[TestNG] Running:
  C:\Users\shaik\eclipse-workspace\openCart\master.xml

09:14:03.200 [main] DEBUG org.testng.TestNG -suiteXmlPath: "C:\Users\shaik\eclipse-workspace\openCart\master.xml"
09:14:03.458 [main] INFO  org.testng.internal.Utils -[TestNG] Running:
  C:\Users\shaik\eclipse-workspace\openCart\master.xml

09:14:59.409 [main] DEBUG org.testng.TestNG -suiteXmlPath: "C:\Users\shaik\eclipse-workspace\openCart\master.xml"
09:14:59.670 [main] INFO  org.testng.internal.Utils -[TestNG] Running:
  C:\Users\shaik\eclipse-workspace\openCart\master.xml

09:18:20.551 [main] DEBUG org.testng.TestNG -suiteXmlPath: "C:\Users\shaik\eclipse-workspace\openCart\master.xml"
09:18:20.921 [main] INFO  org.testng.internal.Utils -[TestNG] Running:
  C:\Users\shaik\eclipse-workspace\openCart\master.xml

09:49:28.542 [main] DEBUG org.testng.TestNG -suiteXmlPath: "C:\Users\shaik\eclipse-workspace\openCart\crossbrowsing.xml"
09:49:28.799 [main] INFO  org.testng.internal.Utils -[TestNG] Running:
  C:\Users\shaik\eclipse-workspace\openCart\crossbrowsing.xml

09:50:20.527 [main] DEBUG org.testng.TestNG -suiteXmlPath: "C:\Users\shaik\eclipse-workspace\openCart\master.xml"
09:50:20.756 [main] INFO  org.testng.internal.Utils -[TestNG] Running:
  C:\Users\shaik\eclipse-workspace\openCart\master.xml

09:50:25.320 [main] INFO  testCasses.TC001_AccountRegistrationTest -****Starting TC001_AccountRegistrationTest*****
09:51:08.947 [main] DEBUG org.testng.TestNG -suiteXmlPath: "C:\Users\shaik\eclipse-workspace\openCart\master.xml"
09:51:09.175 [main] INFO  org.testng.internal.Utils -[TestNG] Running:
  C:\Users\shaik\eclipse-workspace\openCart\master.xml

12:16:30.850 [main] DEBUG org.testng.TestNG -suiteXmlPath: "C:\Users\shaik\eclipse-workspace\openCart\master.xml"
12:16:31.217 [main] INFO  org.testng.internal.Utils -[TestNG] Running:
  C:\Users\shaik\eclipse-workspace\openCart\master.xml

12:16:35.579 [main] INFO  testCasses.TC001_AccountRegistrationTest -****Starting TC001_AccountRegistrationTest*****
12:16:35.855 [main] INFO  testCasses.TC001_AccountRegistrationTest -****Clicked on MyAccount****
12:16:36.287 [main] INFO  testCasses.TC001_AccountRegistrationTest -*****Clicked on Register*****
12:16:36.316 [main] INFO  testCasses.TC001_AccountRegistrationTest -****providing customer details*****
12:16:37.907 [main] INFO  testCasses.TC001_AccountRegistrationTest -****Validating expected masseage*****
12:16:37.957 [main] ERROR testCasses.TC001_AccountRegistrationTest -Test Failed..
12:16:37.957 [main] DEBUG testCasses.TC001_AccountRegistrationTest -Debug logs...
12:16:37.959 [main] INFO  testCasses.TC001_AccountRegistrationTest -*****Finishing TC001_AccountRegistrationTest*****
12:16:40.108 [main] INFO  testCasses.TC002_LoginTest -****Starting TC002_LoginTest****
12:21:18.308 [main] INFO  org.testng.internal.Utils -[TestNG] Running:
  C:\Users\shaik\eclipse-workspace\openCart\crossbrowsing.xml

