09:51:12.674 [TestNG-tests-1] INFO  testCasses.TC001_AccountRegistrationTest -*****Clicked on Register*****
09:51:12.715 [TestNG-tests-1] INFO  testCasses.TC001_AccountRegistrationTest -****providing customer details*****
09:51:14.480 [TestNG-tests-2] INFO  testCasses.TC001_AccountRegistrationTest -****Validating expected masseage*****
09:51:14.523 [TestNG-tests-2] ERROR testCasses.TC001_AccountRegistrationTest -Test Failed..
09:51:14.523 [TestNG-tests-2] DEBUG testCasses.TC001_AccountRegistrationTest -Debug logs...
09:51:14.523 [TestNG-tests-2] INFO  testCasses.TC001_AccountRegistrationTest -*****Finishing TC001_AccountRegistrationTest*****
09:51:14.716 [TestNG-tests-1] INFO  testCasses.TC001_AccountRegistrationTest -****Validating expected masseage*****
09:51:14.773 [TestNG-tests-1] ERROR testCasses.TC001_AccountRegistrationTest -Test Failed..
09:51:14.774 [TestNG-tests-1] DEBUG testCasses.TC001_AccountRegistrationTest -Debug logs...
09:51:14.774 [TestNG-tests-1] INFO  testCasses.TC001_AccountRegistrationTest -*****Finishing TC001_AccountRegistrationTest*****
09:51:16.636 [TestNG-tests-3] INFO  testCasses.TC001_AccountRegistrationTest -****Starting TC001_AccountRegistrationTest*****
09:51:16.934 [TestNG-tests-3] INFO  testCasses.TC001_AccountRegistrationTest -****Clicked on MyAccount****
09:51:17.483 [TestNG-tests-3] INFO  testCasses.TC001_AccountRegistrationTest -*****Clicked on Register*****
09:51:17.483 [TestNG-tests-3] INFO  testCasses.TC001_AccountRegistrationTest -****providing customer details*****
09:51:18.612 [TestNG-tests-3] INFO  testCasses.TC001_AccountRegistrationTest -****Validating expected masseage*****
09:51:18.633 [TestNG-tests-3] ERROR testCasses.TC001_AccountRegistrationTest -Test Failed..
09:51:18.633 [TestNG-tests-3] DEBUG testCasses.TC001_AccountRegistrationTest -Debug logs...
09:51:18.633 [TestNG-tests-3] INFO  testCasses.TC001_AccountRegistrationTest -*****Finishing TC001_AccountRegistrationTest*****
10:08:06.041 [main] DEBUG org.testng.TestNG -suiteXmlPath: "C:\Users\shaik\eclipse-workspace\openCart\groupin.xml"
10:08:06.269 [main] INFO  org.testng.internal.Utils -[TestNG] Running:
  C:\Users\shaik\eclipse-workspace\openCart\groupin.xml

10:09:00.517 [main] DEBUG org.testng.TestNG -suiteXmlPath: "C:\Users\shaik\eclipse-workspace\openCart\groupin.xml"
10:09:00.733 [main] INFO  org.testng.internal.Utils -[TestNG] Running:
  C:\Users\shaik\eclipse-workspace\openCart\groupin.xml

10:10:21.060 [main] DEBUG org.testng.TestNG -suiteXmlPath: "C:\Users\shaik\eclipse-workspace\openCart\groupin.xml"
10:10:21.282 [main] INFO  org.testng.internal.Utils -[TestNG] Running:
  C:\Users\shaik\eclipse-workspace\openCart\groupin.xml

10:11:59.470 [main] DEBUG org.testng.TestNG -suiteXmlPath: "C:\Users\shaik\eclipse-workspace\openCart\groupin.xml"
10:11:59.689 [main] INFO  org.testng.internal.Utils -[TestNG] Running:
  C:\Users\shaik\eclipse-workspace\openCart\groupin.xml

10:12:02.384 [main] INFO  testCasses.TC002_LoginTest -****Starting TC002_LoginTest****
10:13:23.873 [main] DEBUG org.testng.TestNG -suiteXmlPath: "C:\Users\shaik\eclipse-workspace\openCart\groupin.xml"
10:13:24.089 [main] INFO  org.testng.internal.Utils -[TestNG] Running:
  C:\Users\shaik\eclipse-workspace\openCart\groupin.xml

10:13:26.423 [main] INFO  testCasses.TC002_LoginTest -****Starting TC002_LoginTest****
10:14:45.805 [main] DEBUG org.testng.TestNG -suiteXmlPath: "C:\Users\shaik\eclipse-workspace\openCart\groupin.xml"
10:14:46.036 [main] INFO  org.testng.internal.Utils -[TestNG] Running:
  C:\Users\shaik\eclipse-workspace\openCart\groupin.xml

10:14:48.311 [main] INFO  testCasses.TC002_LoginTest -****Starting TC002_LoginTest****
10:18:24.615 [main] DEBUG org.testng.TestNG -suiteXmlPath: "C:\Users\shaik\eclipse-workspace\openCart\grouping.xml"
10:18:24.840 [main] INFO  org.testng.internal.Utils -[TestNG] Running:
  C:\Users\shaik\eclipse-workspace\openCart\grouping.xml

10:18:27.168 [main] INFO  testCasses.TC002_LoginTest -****Starting TC002_LoginTest****
10:20:47.315 [main] DEBUG org.testng.TestNG -suiteXmlPath: "C:\Users\shaik\eclipse-workspace\openCart\grouping.xml"
10:20:47.534 [main] INFO  org.testng.internal.Utils -[TestNG] Running:
  C:\Users\shaik\eclipse-workspace\openCart\grouping.xml

10:20:50.610 [main] INFO  testCasses.TC002_LoginTest -****Starting TC002_LoginTest****
10:22:01.348 [main] DEBUG org.testng.TestNG -suiteXmlPath: "C:\Users\shaik\eclipse-workspace\openCart\grouping.xml"
10:22:01.561 [main] INFO  org.testng.internal.Utils -[TestNG] Running:
  C:\Users\shaik\eclipse-workspace\openCart\grouping.xml

10:23:33.792 [main] DEBUG org.testng.TestNG -suiteXmlPath: "C:\Users\shaik\eclipse-workspace\openCart\grouping.xml"
10:23:34.084 [main] INFO  org.testng.internal.Utils -[TestNG] Running:
  C:\Users\shaik\eclipse-workspace\openCart\grouping.xml

10:24:26.942 [main] DEBUG org.testng.TestNG -suiteXmlPath: "C:\Users\shaik\eclipse-workspace\openCart\grouping.xml"
10:24:27.203 [main] INFO  org.testng.internal.Utils -[TestNG] Running:
  C:\Users\shaik\eclipse-workspace\openCart\grouping.xml

